--------
/home/hzn/project/dataproject/traffic/backend/MINAMI_backend/offline/dta_response.Err
Wed Jul 13 22:29:06 2016
Execution stopped: Refs>0, file /home/hzn/project/dataproject/traffic/backend/MINAMI_backend/MINAMI/src/glib-core/dt.h, line 379
--------
--------
/home/hzn/project/dataproject/traffic/backend/MINAMI_backend/offline/dta_response.Err
Wed Jul 13 22:50:22 2016
Execution stopped: Refs>0, file /home/hzn/project/dataproject/traffic/backend/MINAMI_backend/MINAMI/src/glib-core/dt.h, line 379
--------
--------
/home/hzn/project/dataproject/traffic/backend/MINAMI_backend/offline/dta_response.Err
Wed Jul 13 22:52:16 2016
Execution stopped: Refs>0, file /home/hzn/project/dataproject/traffic/backend/MINAMI_backend/MINAMI/src/glib-core/dt.h, line 379
--------
--------
/home/hzn/project/dataproject/traffic/backend/MINAMI_backend/offline/dta_response.Err
Wed Jul 13 22:53:46 2016
Execution stopped: Refs>0, file /home/hzn/project/dataproject/traffic/backend/MINAMI_backend/MINAMI/src/glib-core/dt.h, line 379
--------
--------
/home/hzn/project/dataproject/traffic/backend/MINAMI_backend/offline/dta_response.Err
Wed Jul 13 22:54:41 2016
Execution stopped: Refs>0, file /home/hzn/project/dataproject/traffic/backend/MINAMI_backend/MINAMI/src/glib-core/dt.h, line 379
--------
--------
/home/hzn/project/dataproject/traffic/backend/MINAMI_backend/offline/dta_response.Err
Wed Jul 13 23:08:32 2016
Execution stopped: Refs>0, file /home/hzn/project/dataproject/traffic/backend/MINAMI_backend/MINAMI/src/glib-core/dt.h, line 379
--------
--------
/home/hzn/project/dataproject/traffic/backend/MINAMI_backend/offline/dta_response.Err
Wed Jul 13 23:10:51 2016
Execution stopped: Refs>0, file /home/hzn/project/dataproject/traffic/backend/MINAMI_backend/MINAMI/src/glib-core/dt.h, line 379
--------
--------
/home/hzn/project/dataproject/traffic/backend/MINAMI_backend/offline/dta_response.Err
Wed Jul 13 23:12:23 2016
Execution stopped: Refs>0, file /home/hzn/project/dataproject/traffic/backend/MINAMI_backend/MINAMI/src/glib-core/dt.h, line 379
--------
--------
/home/hzn/project/dataproject/traffic/backend/MINAMI_backend/offline/dta_response.Err
Wed Jul 13 23:17:42 2016
Execution stopped: Refs>0, file /home/hzn/project/dataproject/traffic/backend/MINAMI_backend/MINAMI/src/glib-core/dt.h, line 379
--------
--------
/home/hzn/project/dataproject/traffic/backend/MINAMI_backend/offline/dta_response.Err
Thu Jul 14 00:20:01 2016
Execution stopped: Refs>0, file /home/hzn/project/dataproject/traffic/backend/MINAMI_backend/MINAMI/src/glib-core/dt.h, line 379
--------
--------
/home/hzn/project/dataproject/traffic/backend/MINAMI_backend/offline/dta_response.Err
Wed Jul 13 23:24:23 2016
Execution stopped: Refs>0, file /home/hzn/project/dataproject/traffic/backend/MINAMI_backend/MINAMI/src/glib-core/dt.h, line 379
--------
--------
/home/hzn/project/dataproject/traffic/backend/MINAMI_backend/offline/dta_response.Err
Wed Jul 13 23:29:55 2016
Execution stopped: Refs>0, file /home/hzn/project/dataproject/traffic/backend/MINAMI_backend/MINAMI/src/glib-core/dt.h, line 379
--------
--------
/home/hzn/project/dataproject/traffic/backend/MINAMI_backend/offline/dta_response.Err
Thu Jul 14 00:14:54 2016
Execution stopped: Refs>0, file /home/hzn/project/dataproject/traffic/backend/MINAMI_backend/MINAMI/src/glib-core/dt.h, line 379
--------
--------
/home/hzn/project/dataproject/traffic/backend/MINAMI_backend/offline/dta_response.Err
Thu Jul 14 00:22:38 2016
Execution stopped: Refs>0, file /home/hzn/project/dataproject/traffic/backend/MINAMI_backend/MINAMI/src/glib-core/dt.h, line 379
--------
--------
/home/hzn/project/dataproject/traffic/backend/MINAMI_backend/offline/dta_response.Err
Thu Jul 14 00:33:46 2016
Execution stopped: Refs>0, file /home/hzn/project/dataproject/traffic/backend/MINAMI_backend/MINAMI/src/glib-core/dt.h, line 379
--------
--------
/home/hzn/project/dataproject/traffic/backend/MINAMI_backend/offline/dta_response.Err
Thu Jul 14 00:39:56 2016
Execution stopped: Refs>0, file /home/hzn/project/dataproject/traffic/backend/MINAMI_backend/MINAMI/src/glib-core/dt.h, line 379
--------
--------
/home/hzn/project/dataproject/traffic/backend/MINAMI_backend/offline/dta_response.Err
Thu Jul 21 21:39:22 2016
Execution stopped: Refs>0, file /home/hzn/project/dataproject/traffic/backend/MINAMI_backend/MINAMI/src/glib-core/dt.h, line 379
--------
--------
/home/hzn/project/dataproject/traffic/backend/MINAMI_backend/offline/dta_response.Err
Thu Jul 21 21:57:42 2016
Execution stopped: Refs>0, file /home/hzn/project/dataproject/traffic/backend/MINAMI_backend/MINAMI/src/glib-core/dt.h, line 379
--------
--------
/home/hzn/project/dataproject/traffic/backend/MINAMI_backend/offline/dta_response.Err
Thu Jul 21 22:01:40 2016
Execution stopped: Refs>0, file /home/hzn/project/dataproject/traffic/backend/MINAMI_backend/MINAMI/src/glib-core/dt.h, line 379
--------
--------
/home/hzn/project/dataproject/traffic/backend/MINAMI_backend/offline/dta_response.Err
Thu Jul 21 22:14:03 2016
Execution stopped: Refs>0, file /home/hzn/project/dataproject/traffic/backend/MINAMI_backend/MINAMI/src/glib-core/dt.h, line 379
--------
--------
/home/hzn/project/dataproject/traffic/backend/MINAMI_backend/offline/dta_response.Err
Thu Jul 21 22:22:52 2016
Execution stopped: Refs>0, file /home/hzn/project/dataproject/traffic/backend/MINAMI_backend/MINAMI/src/glib-core/dt.h, line 379
--------
--------
/home/hzn/project/dataproject/traffic/backend/MINAMI_backend/offline/dta_response.Err
Thu Jul 21 22:31:58 2016
Execution stopped: Refs>0, file /home/hzn/project/dataproject/traffic/backend/MINAMI_backend/MINAMI/src/glib-core/dt.h, line 379
--------
--------
/home/hzn/project/dataproject/traffic/backend/MINAMI_backend/offline/dta_response.Err
Thu Jul 21 22:36:01 2016
Execution stopped: Refs>0, file /home/hzn/project/dataproject/traffic/backend/MINAMI_backend/MINAMI/src/glib-core/dt.h, line 379
--------
--------
/home/hzn/project/dataproject/traffic/backend/MINAMI_backend/offline/dta_response.Err
Thu Jul 21 22:39:39 2016
Execution stopped: Refs>0, file /home/hzn/project/dataproject/traffic/backend/MINAMI_backend/MINAMI/src/glib-core/dt.h, line 379
--------
--------
/home/hzn/project/dataproject/traffic/backend/MINAMI_backend/offline/dta_response.Err
Thu Jul 21 22:44:22 2016
Execution stopped: Refs>0, file /home/hzn/project/dataproject/traffic/backend/MINAMI_backend/MINAMI/src/glib-core/dt.h, line 379
--------
--------
/home/hzn/project/dataproject/traffic/backend/MINAMI_backend/offline/dta_response.Err
Thu Jul 21 22:45:06 2016
Execution stopped: Refs>0, file /home/hzn/project/dataproject/traffic/backend/MINAMI_backend/MINAMI/src/glib-core/dt.h, line 379
--------
--------
/home/hzn/project/dataproject/traffic/backend/MINAMI_backend/offline/dta_response.Err
Thu Jul 21 22:50:50 2016
Execution stopped: Refs>0, file /home/hzn/project/dataproject/traffic/backend/MINAMI_backend/MINAMI/src/glib-core/dt.h, line 379
--------
--------
/home/hzn/project/dataproject/traffic/backend/MINAMI_backend/offline/dta_response.Err
Thu Jul 21 22:53:52 2016
Execution stopped: Refs>0, file /home/hzn/project/dataproject/traffic/backend/MINAMI_backend/MINAMI/src/glib-core/dt.h, line 379
--------
--------
/home/hzn/project/dataproject/traffic/backend/MINAMI_backend/offline/dta_response.Err
Thu Jul 21 22:58:11 2016
Execution stopped: Refs>0, file /home/hzn/project/dataproject/traffic/backend/MINAMI_backend/MINAMI/src/glib-core/dt.h, line 379
--------
--------
/home/hzn/project/dataproject/traffic/backend/MINAMI_backend/offline/dta_response.Err
Thu Jul 21 23:00:30 2016
Execution stopped: Refs>0, file /home/hzn/project/dataproject/traffic/backend/MINAMI_backend/MINAMI/src/glib-core/dt.h, line 379
--------
--------
/home/hzn/project/dataproject/traffic/backend/MINAMI_backend/offline/dta_response.Err
Thu Jul 21 23:04:57 2016
Execution stopped: Refs>0, file /home/hzn/project/dataproject/traffic/backend/MINAMI_backend/MINAMI/src/glib-core/dt.h, line 379
--------
--------
/home/hzn/project/dataproject/traffic/backend/MINAMI_backend/offline/dta_response.Err
Thu Jul 21 23:23:07 2016
Execution stopped: Refs>0, file /home/hzn/project/dataproject/traffic/backend/MINAMI_backend/MINAMI/src/glib-core/dt.h, line 379
--------
--------
/home/hzn/project/dataproject/traffic/backend/MINAMI_backend/offline/dta_response.Err
Tue Jul 26 12:13:10 2016
Execution stopped: Refs>0, file /home/hzn/project/dataproject/traffic/backend/MINAMI_backend/MINAMI/src/glib-core/dt.h, line 379
--------
