--------
/home/hzn/project/dataproject/traffic/backend/MINAMI_backend/online/server.Err
Tue Oct 25 12:25:52 2016
Execution stopped: Refs>0, file /home/hzn/project/dataproject/traffic/backend/MINAMI_backend/MINAMI/src/glib-core/dt.h, line 379
--------
--------
/home/hzn/project/dataproject/traffic/backend/MINAMI_backend/online/server.Err
Sun Nov 20 06:27:36 2016
Execution stopped: Refs>0, file /home/hzn/project/dataproject/traffic/backend/MINAMI_backend/MINAMI/src/glib-core/dt.h, line 379
--------
--------
/home/hzn/project/dataproject/traffic/backend/MINAMI_backend/online/server.Err
Sun Nov 20 06:27:36 2016
Execution stopped: Refs>0, file /home/hzn/project/dataproject/traffic/backend/MINAMI_backend/MINAMI/src/glib-core/dt.h, line 379
--------
--------
/home/hzn/project/dataproject/traffic/backend/MINAMI_backend/online/server.Err
Sun Nov 20 06:27:36 2016
Execution stopped: Refs>0, file /home/hzn/project/dataproject/traffic/backend/MINAMI_backend/MINAMI/src/glib-core/dt.h, line 379
--------
--------
/home/hzn/project/dataproject/traffic/backend/MINAMI_backend/online/server.Err
Sun Nov 20 06:27:36 2016
Execution stopped: Refs>0, file /home/hzn/project/dataproject/traffic/backend/MINAMI_backend/MINAMI/src/glib-core/dt.h, line 379
--------
--------
/home/hzn/project/dataproject/traffic/backend/MINAMI_backend/online/server.Err
Sun Nov 20 06:27:36 2016
Execution stopped: Refs>0, file /home/hzn/project/dataproject/traffic/backend/MINAMI_backend/MINAMI/src/glib-core/dt.h, line 379
--------
--------
/home/hzn/project/dataproject/traffic/backend/MINAMI_backend/online/server.Err
Sun Nov 20 06:27:36 2016
Execution stopped: Refs>0, file /home/hzn/project/dataproject/traffic/backend/MINAMI_backend/MINAMI/src/glib-core/dt.h, line 379
--------
--------
/home/hzn/project/dataproject/traffic/backend/MINAMI_backend/online/server.Err
Sun Nov 20 06:27:36 2016
Execution stopped: Refs>0, file /home/hzn/project/dataproject/traffic/backend/MINAMI_backend/MINAMI/src/glib-core/dt.h, line 379
--------
--------
/home/hzn/project/dataproject/traffic/backend/MINAMI_backend/online/server.Err
Sun Nov 20 06:27:36 2016
Execution stopped: Refs>0, file /home/hzn/project/dataproject/traffic/backend/MINAMI_backend/MINAMI/src/glib-core/dt.h, line 379
--------
--------
/home/hzn/project/dataproject/traffic/backend/MINAMI_backend/online/server.Err
Sun Nov 20 06:27:36 2016
Execution stopped: Refs>0, file /home/hzn/project/dataproject/traffic/backend/MINAMI_backend/MINAMI/src/glib-core/dt.h, line 379
--------
--------
/home/hzn/project/dataproject/traffic/backend/MINAMI_backend/online/server.Err
Sun Nov 20 06:27:36 2016
Execution stopped: Refs>0, file /home/hzn/project/dataproject/traffic/backend/MINAMI_backend/MINAMI/src/glib-core/dt.h, line 379
--------
--------
/home/hzn/project/dataproject/traffic/backend/MINAMI_backend/online/server.Err
Sun Nov 20 06:27:36 2016
Execution stopped: Refs>0, file /home/hzn/project/dataproject/traffic/backend/MINAMI_backend/MINAMI/src/glib-core/dt.h, line 379
--------
--------
/home/hzn/project/dataproject/traffic/backend/MINAMI_backend/online/server.Err
Sun Nov 20 06:27:36 2016
Execution stopped: Refs>0, file /home/hzn/project/dataproject/traffic/backend/MINAMI_backend/MINAMI/src/glib-core/dt.h, line 379
--------
--------
/home/hzn/project/dataproject/traffic/backend/MINAMI_backend/online/server.Err
Sun Nov 20 06:27:36 2016
Execution stopped: Refs>0, file /home/hzn/project/dataproject/traffic/backend/MINAMI_backend/MINAMI/src/glib-core/dt.h, line 379
--------
--------
/home/hzn/project/dataproject/traffic/backend/MINAMI_backend/online/server.Err
Sun Nov 20 06:27:36 2016
Execution stopped: Refs>0, file /home/hzn/project/dataproject/traffic/backend/MINAMI_backend/MINAMI/src/glib-core/dt.h, line 379
--------
--------
/home/hzn/project/dataproject/traffic/backend/MINAMI_backend/online/server.Err
Sun Nov 20 06:27:36 2016
Execution stopped: Refs>0, file /home/hzn/project/dataproject/traffic/backend/MINAMI_backend/MINAMI/src/glib-core/dt.h, line 379
--------
--------
/home/hzn/project/dataproject/traffic/backend/MINAMI_backend/online/server.Err
Sun Nov 20 06:27:36 2016
Execution stopped: Refs>0, file /home/hzn/project/dataproject/traffic/backend/MINAMI_backend/MINAMI/src/glib-core/dt.h, line 379
--------
--------
/home/hzn/project/dataproject/traffic/backend/MINAMI_backend/online/server.Err
Sun Nov 20 06:27:36 2016
Execution stopped: Refs>0, file /home/hzn/project/dataproject/traffic/backend/MINAMI_backend/MINAMI/src/glib-core/dt.h, line 379
--------
--------
/home/hzn/project/dataproject/traffic/backend/MINAMI_backend/online/server.Err
Sun Nov 20 06:27:36 2016
Execution stopped: Refs>0, file /home/hzn/project/dataproject/traffic/backend/MINAMI_backend/MINAMI/src/glib-core/dt.h, line 379
--------
--------
/home/hzn/project/dataproject/traffic/backend/MINAMI_backend/online/server.Err
Sun Nov 20 06:27:36 2016
Execution stopped: Refs>0, file /home/hzn/project/dataproject/traffic/backend/MINAMI_backend/MINAMI/src/glib-core/dt.h, line 379
--------
--------
/home/hzn/project/dataproject/traffic/backend/MINAMI_backend/online/server.Err
Sun Nov 20 06:27:36 2016
Execution stopped: Refs>0, file /home/hzn/project/dataproject/traffic/backend/MINAMI_backend/MINAMI/src/glib-core/dt.h, line 379
--------
--------
/home/hzn/project/dataproject/traffic/backend/MINAMI_backend/online/server.Err
Sun Nov 20 06:27:36 2016
Execution stopped: Refs>0, file /home/hzn/project/dataproject/traffic/backend/MINAMI_backend/MINAMI/src/glib-core/dt.h, line 379
--------
--------
/home/hzn/project/dataproject/traffic/backend/MINAMI_backend/online/server.Err
Sun Nov 20 06:27:36 2016
Execution stopped: Refs>0, file /home/hzn/project/dataproject/traffic/backend/MINAMI_backend/MINAMI/src/glib-core/dt.h, line 379
--------
--------
/home/hzn/project/dataproject/traffic/backend/MINAMI_backend/online/server.Err
Sun Nov 20 06:27:36 2016
Execution stopped: Refs>0, file /home/hzn/project/dataproject/traffic/backend/MINAMI_backend/MINAMI/src/glib-core/dt.h, line 379
--------
--------
/home/hzn/project/dataproject/traffic/backend/MINAMI_backend/online/server.Err
Sun Nov 20 06:27:36 2016
Execution stopped: Refs>0, file /home/hzn/project/dataproject/traffic/backend/MINAMI_backend/MINAMI/src/glib-core/dt.h, line 379
--------
--------
/home/hzn/project/dataproject/traffic/backend/MINAMI_backend/online/server.Err
Sun Nov 20 06:27:36 2016
Execution stopped: Refs>0, file /home/hzn/project/dataproject/traffic/backend/MINAMI_backend/MINAMI/src/glib-core/dt.h, line 379
--------
--------
/home/hzn/project/dataproject/traffic/backend/MINAMI_backend/online/server.Err
Sun Nov 20 06:27:36 2016
Execution stopped: Refs>0, file /home/hzn/project/dataproject/traffic/backend/MINAMI_backend/MINAMI/src/glib-core/dt.h, line 379
--------
--------
/home/hzn/project/dataproject/traffic/backend/MINAMI_backend/online/server.Err
Sun Nov 20 06:27:36 2016
Execution stopped: Refs>0, file /home/hzn/project/dataproject/traffic/backend/MINAMI_backend/MINAMI/src/glib-core/dt.h, line 379
--------
--------
/home/hzn/project/dataproject/traffic/backend/MINAMI_backend/online/server.Err
Sun Nov 20 06:27:36 2016
Execution stopped: Refs>0, file /home/hzn/project/dataproject/traffic/backend/MINAMI_backend/MINAMI/src/glib-core/bd.h, line 452
--------
